/System/Library/Frameworks/Ruby.framework/Versions/2.0/usr/lib/ruby/2.0.0/universal-darwin13/rbconfig.rb:212: warning: Insecure world writable dir /usr/local/bin in PATH, mode 040777
/System/Library/Frameworks/Ruby.framework/Versions/2.0/usr/lib/ruby/2.0.0/universal-darwin13/rbconfig.rb:212: warning: Insecure world writable dir /usr/local/bin in PATH, mode 040777
[2013-11-04 01:49:36] INFO  WEBrick 1.3.1
[2013-11-04 01:49:36] INFO  ruby 2.0.0 (2013-06-27) [universal.x86_64-darwin13]
[2013-11-04 01:49:36] WARN  TCPServer Error: Address already in use - bind(2)
[2013-11-04 01:49:36] WARN  TCPServer Error: Address already in use - bind(2)
[2013-11-04 01:49:36] WARN  TCPServer Error: Address already in use - bind(2)
== Someone is already performing on port 4567!
/System/Library/Frameworks/Ruby.framework/Versions/2.0/usr/lib/ruby/2.0.0/webrick/utils.rb:85:in `initialize': Address already in use - bind(2) (Errno::EADDRINUSE)
	from /System/Library/Frameworks/Ruby.framework/Versions/2.0/usr/lib/ruby/2.0.0/webrick/utils.rb:85:in `new'
	from /System/Library/Frameworks/Ruby.framework/Versions/2.0/usr/lib/ruby/2.0.0/webrick/utils.rb:85:in `block in create_listeners'
	from /System/Library/Frameworks/Ruby.framework/Versions/2.0/usr/lib/ruby/2.0.0/webrick/utils.rb:82:in `each'
	from /System/Library/Frameworks/Ruby.framework/Versions/2.0/usr/lib/ruby/2.0.0/webrick/utils.rb:82:in `create_listeners'
	from /System/Library/Frameworks/Ruby.framework/Versions/2.0/usr/lib/ruby/2.0.0/webrick/server.rb:132:in `listen'
	from /System/Library/Frameworks/Ruby.framework/Versions/2.0/usr/lib/ruby/2.0.0/webrick/server.rb:113:in `initialize'
	from /System/Library/Frameworks/Ruby.framework/Versions/2.0/usr/lib/ruby/2.0.0/webrick/httpserver.rb:45:in `initialize'
	from /Users/chihiro/git/sinatra/vendor/bundler/ruby/2.0.0/gems/rack-1.5.2/lib/rack/handler/webrick.rb:11:in `new'
	from /Users/chihiro/git/sinatra/vendor/bundler/ruby/2.0.0/gems/rack-1.5.2/lib/rack/handler/webrick.rb:11:in `run'
	from /Users/chihiro/git/sinatra/vendor/bundler/ruby/2.0.0/gems/sinatra-1.4.4/lib/sinatra/base.rb:1488:in `start_server'
	from /Users/chihiro/git/sinatra/vendor/bundler/ruby/2.0.0/gems/sinatra-1.4.4/lib/sinatra/base.rb:1426:in `run!'
	from /Users/chihiro/git/sinatra/vendor/bundler/ruby/2.0.0/gems/sinatra-1.4.4/lib/sinatra/main.rb:25:in `block in <module:Sinatra>'
